============================= test session starts =============================
platform win32 -- Python 3.14.4, pytest-9.0.2, pluggy-1.6.0
benchmark: 5.2.3 (defaults: timer=time.perf_counter disable_gc=False min_rounds=5 min_time=0.000005 max_time=1.0 calibration_precision=10 warmup=False warmup_iterations=100000)
PyQt6 6.11.0 -- Qt runtime 6.11.0 -- Qt compiled 6.11.0
rootdir: C:\PythonTools\PCAP2KML
configfile: pyproject.toml
plugins: anyio-4.12.1, hypothesis-6.152.2, locust-2.43.4, asyncio-1.3.0, base-url-2.1.0, benchmark-5.2.3, cov-7.0.0, mock-3.15.1, order-1.3.0, playwright-0.7.2, qt-4.5.0, timeout-2.4.0, xdist-3.8.0
asyncio: mode=Mode.STRICT, debug=False, asyncio_default_fixture_loop_scope=None, asyncio_default_test_loop_scope=function
timeout: 30.0s
timeout method: thread
timeout func_only: False
collected 50 items

tests\test_map_widget.py .....................